<?xml version="1.0" encoding="utf-8"?><testsuites><testsuite name="pytest" errors="0" failures="0" skipped="0" tests="1" time="0.089" timestamp="2025-02-10T03:33:25.835677" hostname="Simpson"><testcase classname="test.part1_test" name="test_show_all_videos" file="test\part1_test.py" line="11" time="0.012"><system-out>--------------------------------- Captured Log ---------------------------------

--------------------------------- Captured Out ---------------------------------

</system-out><system-err>--------------------------------- Captured Err ---------------------------------

</system-err></testcase></testsuite></testsuites>